mode: set
github.com/adewidyatamadb/GoBookings/internal/handlers/handlers.go:29.62,34.2 1 1
github.com/adewidyatamadb/GoBookings/internal/handlers/handlers.go:37.51,42.2 1 1
github.com/adewidyatamadb/GoBookings/internal/handlers/handlers.go:45.33,47.2 1 1
github.com/adewidyatamadb/GoBookings/internal/handlers/handlers.go:50.67,52.2 1 1
github.com/adewidyatamadb/GoBookings/internal/handlers/handlers.go:55.68,57.2 1 1
github.com/adewidyatamadb/GoBookings/internal/handlers/handlers.go:60.74,63.9 2 1
github.com/adewidyatamadb/GoBookings/internal/handlers/handlers.go:68.2,69.16 2 1
github.com/adewidyatamadb/GoBookings/internal/handlers/handlers.go:73.2,91.4 10 1
github.com/adewidyatamadb/GoBookings/internal/handlers/handlers.go:63.9,66.3 2 1
github.com/adewidyatamadb/GoBookings/internal/handlers/handlers.go:69.16,72.3 2 1
github.com/adewidyatamadb/GoBookings/internal/handlers/handlers.go:95.78,97.16 2 1
github.com/adewidyatamadb/GoBookings/internal/handlers/handlers.go:102.2,103.16 2 1
github.com/adewidyatamadb/GoBookings/internal/handlers/handlers.go:108.2,113.16 5 1
github.com/adewidyatamadb/GoBookings/internal/handlers/handlers.go:117.2,118.16 2 1
github.com/adewidyatamadb/GoBookings/internal/handlers/handlers.go:123.2,124.16 2 1
github.com/adewidyatamadb/GoBookings/internal/handlers/handlers.go:129.2,149.19 6 1
github.com/adewidyatamadb/GoBookings/internal/handlers/handlers.go:160.2,161.16 2 1
github.com/adewidyatamadb/GoBookings/internal/handlers/handlers.go:166.2,175.16 3 1
github.com/adewidyatamadb/GoBookings/internal/handlers/handlers.go:180.2,182.66 2 1
github.com/adewidyatamadb/GoBookings/internal/handlers/handlers.go:97.16,100.3 2 1
github.com/adewidyatamadb/GoBookings/internal/handlers/handlers.go:103.16,106.3 2 1
github.com/adewidyatamadb/GoBookings/internal/handlers/handlers.go:113.16,116.3 2 1
github.com/adewidyatamadb/GoBookings/internal/handlers/handlers.go:118.16,121.3 2 1
github.com/adewidyatamadb/GoBookings/internal/handlers/handlers.go:124.16,127.3 2 1
github.com/adewidyatamadb/GoBookings/internal/handlers/handlers.go:149.19,158.3 5 1
github.com/adewidyatamadb/GoBookings/internal/handlers/handlers.go:161.16,164.3 2 1
github.com/adewidyatamadb/GoBookings/internal/handlers/handlers.go:175.16,178.3 2 1
github.com/adewidyatamadb/GoBookings/internal/handlers/handlers.go:186.81,188.9 2 1
github.com/adewidyatamadb/GoBookings/internal/handlers/handlers.go:193.2,207.4 9 1
github.com/adewidyatamadb/GoBookings/internal/handlers/handlers.go:188.9,191.3 2 1
github.com/adewidyatamadb/GoBookings/internal/handlers/handlers.go:211.71,213.2 1 1
github.com/adewidyatamadb/GoBookings/internal/handlers/handlers.go:216.69,218.2 1 1
github.com/adewidyatamadb/GoBookings/internal/handlers/handlers.go:221.75,223.2 1 1
github.com/adewidyatamadb/GoBookings/internal/handlers/handlers.go:226.79,228.16 2 1
github.com/adewidyatamadb/GoBookings/internal/handlers/handlers.go:233.2,238.16 5 1
github.com/adewidyatamadb/GoBookings/internal/handlers/handlers.go:242.2,243.16 2 1
github.com/adewidyatamadb/GoBookings/internal/handlers/handlers.go:248.2,249.16 2 1
github.com/adewidyatamadb/GoBookings/internal/handlers/handlers.go:254.2,254.21 1 1
github.com/adewidyatamadb/GoBookings/internal/handlers/handlers.go:259.2,271.4 5 1
github.com/adewidyatamadb/GoBookings/internal/handlers/handlers.go:228.16,231.3 2 1
github.com/adewidyatamadb/GoBookings/internal/handlers/handlers.go:238.16,241.3 2 1
github.com/adewidyatamadb/GoBookings/internal/handlers/handlers.go:243.16,246.3 2 1
github.com/adewidyatamadb/GoBookings/internal/handlers/handlers.go:249.16,252.3 2 1
github.com/adewidyatamadb/GoBookings/internal/handlers/handlers.go:254.21,257.3 2 1
github.com/adewidyatamadb/GoBookings/internal/handlers/handlers.go:275.73,277.16 2 1
github.com/adewidyatamadb/GoBookings/internal/handlers/handlers.go:283.2,284.9 2 1
github.com/adewidyatamadb/GoBookings/internal/handlers/handlers.go:289.2,293.63 3 1
github.com/adewidyatamadb/GoBookings/internal/handlers/handlers.go:277.16,280.3 2 1
github.com/adewidyatamadb/GoBookings/internal/handlers/handlers.go:284.9,287.3 2 1
github.com/adewidyatamadb/GoBookings/internal/handlers/handlers.go:305.79,308.16 2 1
github.com/adewidyatamadb/GoBookings/internal/handlers/handlers.go:321.2,328.16 7 1
github.com/adewidyatamadb/GoBookings/internal/handlers/handlers.go:341.2,342.16 2 1
github.com/adewidyatamadb/GoBookings/internal/handlers/handlers.go:355.2,366.14 4 1
github.com/adewidyatamadb/GoBookings/internal/handlers/handlers.go:308.16,319.3 5 1
github.com/adewidyatamadb/GoBookings/internal/handlers/handlers.go:328.16,339.3 5 1
github.com/adewidyatamadb/GoBookings/internal/handlers/handlers.go:342.16,353.3 5 1
github.com/adewidyatamadb/GoBookings/internal/handlers/handlers.go:370.71,382.16 9 1
github.com/adewidyatamadb/GoBookings/internal/handlers/handlers.go:387.2,393.63 6 1
github.com/adewidyatamadb/GoBookings/internal/handlers/handlers.go:382.16,385.3 2 1
github.com/adewidyatamadb/GoBookings/internal/handlers/handlers.go:397.70,399.2 1 1
